<?xml version="1.0" encoding="UTF-8"?>
<testsuite xmlns:xsi="http://www.w3.org/2001/XMLSchema-instance" xsi:noNamespaceSchemaLocation="https://maven.apache.org/surefire/maven-surefire-plugin/xsd/surefire-test-report-3.0.xsd" version="3.0" name="org.example.Game.JeopardyGameTest" time="0.201" tests="8" errors="0" skipped="0" failures="0">
  <properties>
[...]
</properties>
  <testcase name="testGetAllPlayers_ReturnsDefensiveCopy" classname="org.example.Game.JeopardyGameTest" time="0.059"/>
  <testcase name="testAddPlayer_AppearsInAllPlayersAndScoreMap" classname="org.example.Game.JeopardyGameTest" time="0.001"/>
  <testcase name="testGetPlayer_ByName_IsCaseInsensitiveAndReturnsCorrectPlayer" classname="org.example.Game.JeopardyGameTest" time="0.01"/>
  <testcase name="testQuestionsAreLoadedAndAccessible" classname="org.example.Game.JeopardyGameTest" time="0.01"/>
  <testcase name="testPrintQuestions_RunsWithoutError" classname="org.example.Game.JeopardyGameTest" time="0.033">
    <system-out><![CDATA[
Category: Science
Question: Color of the sky
Value: 200
Options: 
A Red
B Blue
C Green
D Yellow


Category: Geography
Question: Capital of France
Value: 400
Options: 
A Red
B Blue
C Green
D Yellow

]]></system-out>
  </testcase>
  <testcase name="testSetPlayerCount_UpdatesFieldCorrectly" classname="org.example.Game.JeopardyGameTest" time="0.002"/>
  <testcase name="testPlayerCreation" classname="org.example.Game.JeopardyGameTest" time="0.001"/>
  <testcase name="testGameStartsWithDefaultPlayerCount" classname="org.example.Game.JeopardyGameTest" time="0.001"/>
</testsuite>